  [4;36;1mSQL (0.1ms)[0m   [0;1mSET NAMES 'utf8'[0m
  [4;35;1mSQL (0.1ms)[0m   [0mSET SQL_AUTO_IS_NULL=0[0m
  [4;36;1mSQL (0.3ms)[0m   [0;1mSHOW TABLES[0m
  [4;35;1mSQL (199.6ms)[0m   [0mCREATE TABLE `schema_migrations` (`version` varchar(255) NOT NULL) ENGINE=InnoDB[0m
  [4;36;1mSQL (140.8ms)[0m   [0;1mCREATE UNIQUE INDEX `unique_schema_migrations` ON `schema_migrations` (`version`)[0m
  [4;35;1mSQL (0.5ms)[0m   [0mSHOW TABLES[0m
  [4;36;1mSQL (0.7ms)[0m   [0;1mSELECT version FROM schema_migrations[0m
Migrating to CreatePomodoris (20100322210423)
  [4;35;1mSQL (92.9ms)[0m   [0mCREATE TABLE `pomodoris` (`id` int(11) DEFAULT NULL auto_increment PRIMARY KEY, `start_date` datetime, `end_date` datetime, `external_interruptions` int(11) DEFAULT 0, `internal_interruptions` int(11) DEFAULT 0, `organizational` tinyint(1) DEFAULT 0, `unplanned` tinyint(1) DEFAULT 0, `canceled` tinyint(1) DEFAULT 0, `completed` tinyint(1) DEFAULT 0) ENGINE=InnoDB[0m
  [4;36;1mSQL (0.9ms)[0m   [0;1mINSERT INTO schema_migrations (version) VALUES ('20100322210423')[0m
Migrating to CreateProjects (20100322224727)
  [4;35;1mSQL (137.8ms)[0m   [0mCREATE TABLE `projects` (`id` int(11) DEFAULT NULL auto_increment PRIMARY KEY, `name` varchar(255), `created_at` datetime, `updated_at` datetime) ENGINE=InnoDB[0m
  [4;36;1mSQL (0.8ms)[0m   [0;1mINSERT INTO schema_migrations (version) VALUES ('20100322224727')[0m
Migrating to CreateActivities (20100322224734)
  [4;35;1mSQL (111.3ms)[0m   [0mCREATE TABLE `activities` (`id` int(11) DEFAULT NULL auto_increment PRIMARY KEY, `name` varchar(255), `estimate` int(11), `completed` tinyint(1) DEFAULT 0, `created_at` datetime, `updated_at` datetime) ENGINE=InnoDB[0m
  [4;36;1mSQL (0.9ms)[0m   [0;1mINSERT INTO schema_migrations (version) VALUES ('20100322224734')[0m
  [4;35;1mSQL (0.5ms)[0m   [0mSHOW TABLES[0m
  [4;36;1mSQL (0.2ms)[0m   [0;1mSELECT version FROM schema_migrations[0m
  [4;35;1mSQL (0.3ms)[0m   [0mSHOW TABLES[0m
  [4;36;1mSQL (1.4ms)[0m   [0;1mSHOW FIELDS FROM `activities`[0m
  [4;35;1mSQL (2.4ms)[0m   [0mdescribe `activities`[0m
  [4;36;1mSQL (1.3ms)[0m   [0;1mSHOW KEYS FROM `activities`[0m
  [4;35;1mSQL (2.0ms)[0m   [0mSHOW FIELDS FROM `pomodoris`[0m
  [4;36;1mSQL (2.4ms)[0m   [0;1mdescribe `pomodoris`[0m
  [4;35;1mSQL (0.6ms)[0m   [0mSHOW KEYS FROM `pomodoris`[0m
  [4;36;1mSQL (64.8ms)[0m   [0;1mSHOW FIELDS FROM `projects`[0m
  [4;35;1mSQL (1.3ms)[0m   [0mdescribe `projects`[0m
  [4;36;1mSQL (1.0ms)[0m   [0;1mSHOW KEYS FROM `projects`[0m
  [4;36;1mSQL (0.1ms)[0m   [0;1mSET NAMES 'utf8'[0m
  [4;35;1mSQL (0.1ms)[0m   [0mSET SQL_AUTO_IS_NULL=0[0m
  [4;36;1mSQL (0.4ms)[0m   [0;1mSHOW TABLES[0m
  [4;35;1mSQL (0.2ms)[0m   [0mSELECT version FROM schema_migrations[0m
  [4;36;1mSQL (0.4ms)[0m   [0;1mSHOW TABLES[0m
  [4;35;1mSQL (0.1ms)[0m   [0mSELECT version FROM schema_migrations[0m
Migrating to CreateActivities (20100322224734)
  [4;36;1mSQL (1.8ms)[0m   [0;1mDROP TABLE `activities`[0m
  [4;35;1mSQL (0.8ms)[0m   [0mDELETE FROM schema_migrations WHERE version = '20100322224734'[0m
  [4;36;1mSQL (0.4ms)[0m   [0;1mSHOW TABLES[0m
  [4;35;1mSQL (0.2ms)[0m   [0mSELECT version FROM schema_migrations[0m
  [4;36;1mSQL (0.2ms)[0m   [0;1mSHOW TABLES[0m
  [4;35;1mSQL (1.4ms)[0m   [0mSHOW FIELDS FROM `pomodoris`[0m
  [4;36;1mSQL (2.5ms)[0m   [0;1mdescribe `pomodoris`[0m
  [4;35;1mSQL (0.6ms)[0m   [0mSHOW KEYS FROM `pomodoris`[0m
  [4;36;1mSQL (1.1ms)[0m   [0;1mSHOW FIELDS FROM `projects`[0m
  [4;35;1mSQL (1.5ms)[0m   [0mdescribe `projects`[0m
  [4;36;1mSQL (0.7ms)[0m   [0;1mSHOW KEYS FROM `projects`[0m
  [4;36;1mSQL (0.1ms)[0m   [0;1mSET NAMES 'utf8'[0m
  [4;35;1mSQL (0.1ms)[0m   [0mSET SQL_AUTO_IS_NULL=0[0m
  [4;36;1mSQL (0.4ms)[0m   [0;1mSHOW TABLES[0m
  [4;35;1mSQL (69.0ms)[0m   [0mCREATE TABLE `pomodoris` (`id` int(11) DEFAULT NULL auto_increment PRIMARY KEY, `start_date` datetime, `end_date` datetime, `external_interruptions` int(11) DEFAULT 0, `internal_interruptions` int(11) DEFAULT 0, `organizational` tinyint(1) DEFAULT 0, `unplanned` tinyint(1) DEFAULT 0, `canceled` tinyint(1) DEFAULT 0, `completed` tinyint(1) DEFAULT 0) ENGINE=InnoDB[0m
  [4;36;1mSQL (0.4ms)[0m   [0;1mSHOW TABLES[0m
  [4;35;1mSQL (194.1ms)[0m   [0mCREATE TABLE `projects` (`id` int(11) DEFAULT NULL auto_increment PRIMARY KEY, `name` varchar(255), `created_at` datetime, `updated_at` datetime) ENGINE=InnoDB[0m
  [4;36;1mSQL (0.5ms)[0m   [0;1mSHOW TABLES[0m
  [4;35;1mSQL (111.3ms)[0m   [0mCREATE TABLE `schema_migrations` (`version` varchar(255) NOT NULL) ENGINE=InnoDB[0m
  [4;36;1mSQL (127.1ms)[0m   [0;1mCREATE UNIQUE INDEX `unique_schema_migrations` ON `schema_migrations` (`version`)[0m
  [4;35;1mSQL (0.5ms)[0m   [0mSHOW TABLES[0m
  [4;36;1mSQL (0.4ms)[0m   [0;1mSELECT version FROM `schema_migrations`[0m
  [4;35;1mSQL (0.7ms)[0m   [0mINSERT INTO `schema_migrations` (version) VALUES ('20100322224727')[0m
  [4;36;1mSQL (0.6ms)[0m   [0;1mINSERT INTO `schema_migrations` (version) VALUES ('20100322210423')[0m
  [4;36;1mSQL (0.1ms)[0m   [0;1mSET NAMES 'utf8'[0m
  [4;35;1mSQL (0.1ms)[0m   [0mSET SQL_AUTO_IS_NULL=0[0m
  [4;36;1mSQL (0.3ms)[0m   [0;1mSHOW TABLES[0m
  [4;35;1mSQL (91.2ms)[0m   [0mCREATE TABLE `schema_migrations` (`version` varchar(255) NOT NULL) ENGINE=InnoDB[0m
  [4;36;1mSQL (129.8ms)[0m   [0;1mCREATE UNIQUE INDEX `unique_schema_migrations` ON `schema_migrations` (`version`)[0m
  [4;35;1mSQL (0.5ms)[0m   [0mSHOW TABLES[0m
  [4;36;1mSQL (0.4ms)[0m   [0;1mSELECT version FROM schema_migrations[0m
Migrating to CreatePomodoris (20100322210423)
  [4;35;1mSQL (94.2ms)[0m   [0mCREATE TABLE `pomodoris` (`id` int(11) DEFAULT NULL auto_increment PRIMARY KEY, `start_date` datetime, `end_date` datetime, `external_interruptions` int(11) DEFAULT 0, `internal_interruptions` int(11) DEFAULT 0, `organizational` tinyint(1) DEFAULT 0, `unplanned` tinyint(1) DEFAULT 0, `canceled` tinyint(1) DEFAULT 0, `completed` tinyint(1) DEFAULT 0) ENGINE=InnoDB[0m
  [4;36;1mSQL (1.0ms)[0m   [0;1mINSERT INTO schema_migrations (version) VALUES ('20100322210423')[0m
Migrating to CreateProjects (20100322224727)
  [4;35;1mSQL (107.4ms)[0m   [0mCREATE TABLE `projects` (`id` int(11) DEFAULT NULL auto_increment PRIMARY KEY, `name` varchar(255), `created_at` datetime, `updated_at` datetime) ENGINE=InnoDB[0m
  [4;36;1mSQL (0.7ms)[0m   [0;1mINSERT INTO schema_migrations (version) VALUES ('20100322224727')[0m
Migrating to CreateActivities (20100322224734)
  [4;35;1mSQL (108.2ms)[0m   [0mCREATE TABLE `activities` (`id` int(11) DEFAULT NULL auto_increment PRIMARY KEY, `name` varchar(255), `estimate` int(11), `completed` tinyint(1) DEFAULT 0, `created_at` datetime, `updated_at` datetime) ENGINE=InnoDB[0m
  [4;36;1mSQL (0.7ms)[0m   [0;1mINSERT INTO schema_migrations (version) VALUES ('20100322224734')[0m
  [4;35;1mSQL (0.4ms)[0m   [0mSHOW TABLES[0m
  [4;36;1mSQL (0.2ms)[0m   [0;1mSELECT version FROM schema_migrations[0m
  [4;35;1mSQL (0.3ms)[0m   [0mSHOW TABLES[0m
  [4;36;1mSQL (1.5ms)[0m   [0;1mSHOW FIELDS FROM `activities`[0m
  [4;35;1mSQL (1.7ms)[0m   [0mdescribe `activities`[0m
  [4;36;1mSQL (0.7ms)[0m   [0;1mSHOW KEYS FROM `activities`[0m
  [4;35;1mSQL (1.3ms)[0m   [0mSHOW FIELDS FROM `pomodoris`[0m
  [4;36;1mSQL (2.1ms)[0m   [0;1mdescribe `pomodoris`[0m
  [4;35;1mSQL (0.6ms)[0m   [0mSHOW KEYS FROM `pomodoris`[0m
  [4;36;1mSQL (1.4ms)[0m   [0;1mSHOW FIELDS FROM `projects`[0m
  [4;35;1mSQL (1.6ms)[0m   [0mdescribe `projects`[0m
  [4;36;1mSQL (0.7ms)[0m   [0;1mSHOW KEYS FROM `projects`[0m
  [4;36;1mSQL (0.1ms)[0m   [0;1mSET NAMES 'utf8'[0m
  [4;35;1mSQL (0.1ms)[0m   [0mSET SQL_AUTO_IS_NULL=0[0m
  [4;36;1mSQL (0.4ms)[0m   [0;1mSHOW TABLES[0m
  [4;35;1mSQL (0.2ms)[0m   [0mSELECT version FROM schema_migrations[0m
Migrating to CreatePomodoris (20100322210423)
Migrating to CreateProjects (20100322224727)
Migrating to CreateActivities (20100322224734)
  [4;36;1mSQL (1.0ms)[0m   [0;1mSHOW TABLES[0m
  [4;35;1mSQL (0.2ms)[0m   [0mSELECT version FROM schema_migrations[0m
  [4;36;1mSQL (0.3ms)[0m   [0;1mSHOW TABLES[0m
  [4;35;1mSQL (1.9ms)[0m   [0mSHOW FIELDS FROM `activities`[0m
  [4;36;1mSQL (2.1ms)[0m   [0;1mdescribe `activities`[0m
  [4;35;1mSQL (0.8ms)[0m   [0mSHOW KEYS FROM `activities`[0m
  [4;36;1mSQL (1.2ms)[0m   [0;1mSHOW FIELDS FROM `pomodoris`[0m
  [4;35;1mSQL (1.9ms)[0m   [0mdescribe `pomodoris`[0m
  [4;36;1mSQL (0.7ms)[0m   [0;1mSHOW KEYS FROM `pomodoris`[0m
  [4;35;1mSQL (1.1ms)[0m   [0mSHOW FIELDS FROM `projects`[0m
  [4;36;1mSQL (1.7ms)[0m   [0;1mdescribe `projects`[0m
  [4;35;1mSQL (0.7ms)[0m   [0mSHOW KEYS FROM `projects`[0m
  [4;36;1mSQL (0.1ms)[0m   [0;1mSET NAMES 'utf8'[0m
  [4;35;1mSQL (0.1ms)[0m   [0mSET SQL_AUTO_IS_NULL=0[0m
  [4;36;1mSQL (0.3ms)[0m   [0;1mSHOW TABLES[0m
  [4;35;1mSQL (90.8ms)[0m   [0mCREATE TABLE `schema_migrations` (`version` varchar(255) NOT NULL) ENGINE=InnoDB[0m
  [4;36;1mSQL (213.2ms)[0m   [0;1mCREATE UNIQUE INDEX `unique_schema_migrations` ON `schema_migrations` (`version`)[0m
  [4;35;1mSQL (0.3ms)[0m   [0mSHOW TABLES[0m
  [4;36;1mSQL (0.4ms)[0m   [0;1mSELECT version FROM schema_migrations[0m
Migrating to CreatePomodoris (20100322210423)
  [4;35;1mSQL (104.5ms)[0m   [0mCREATE TABLE `pomodoris` (`id` int(11) DEFAULT NULL auto_increment PRIMARY KEY, `start_date` datetime, `end_date` datetime, `external_interruptions` int(11) DEFAULT 0, `internal_interruptions` int(11) DEFAULT 0, `organizational` tinyint(1) DEFAULT 0, `unplanned` tinyint(1) DEFAULT 0, `canceled` tinyint(1) DEFAULT 0, `completed` tinyint(1) DEFAULT 0) ENGINE=InnoDB[0m
  [4;36;1mSQL (0.7ms)[0m   [0;1mINSERT INTO schema_migrations (version) VALUES ('20100322210423')[0m
Migrating to CreateProjects (20100322224727)
  [4;35;1mSQL (118.1ms)[0m   [0mCREATE TABLE `projects` (`id` int(11) DEFAULT NULL auto_increment PRIMARY KEY, `name` varchar(255), `created_at` datetime, `updated_at` datetime) ENGINE=InnoDB[0m
  [4;36;1mSQL (0.6ms)[0m   [0;1mINSERT INTO schema_migrations (version) VALUES ('20100322224727')[0m
Migrating to CreateActivities (20100322224734)
  [4;35;1mSQL (108.3ms)[0m   [0mCREATE TABLE `activities` (`id` int(11) DEFAULT NULL auto_increment PRIMARY KEY, `name` varchar(255), `estimate` int(11), `completed` tinyint(1) DEFAULT 0, `project_id` int(11), `created_at` datetime, `updated_at` datetime) ENGINE=InnoDB[0m
  [4;36;1mSQL (0.8ms)[0m   [0;1mINSERT INTO schema_migrations (version) VALUES ('20100322224734')[0m
  [4;35;1mSQL (0.6ms)[0m   [0mSHOW TABLES[0m
  [4;36;1mSQL (0.2ms)[0m   [0;1mSELECT version FROM schema_migrations[0m
  [4;35;1mSQL (0.4ms)[0m   [0mSHOW TABLES[0m
  [4;36;1mSQL (1.6ms)[0m   [0;1mSHOW FIELDS FROM `activities`[0m
  [4;35;1mSQL (1.8ms)[0m   [0mdescribe `activities`[0m
  [4;36;1mSQL (0.6ms)[0m   [0;1mSHOW KEYS FROM `activities`[0m
  [4;35;1mSQL (1.3ms)[0m   [0mSHOW FIELDS FROM `pomodoris`[0m
  [4;36;1mSQL (1.8ms)[0m   [0;1mdescribe `pomodoris`[0m
  [4;35;1mSQL (1.2ms)[0m   [0mSHOW KEYS FROM `pomodoris`[0m
  [4;36;1mSQL (1.1ms)[0m   [0;1mSHOW FIELDS FROM `projects`[0m
  [4;35;1mSQL (1.8ms)[0m   [0mdescribe `projects`[0m
  [4;36;1mSQL (0.8ms)[0m   [0;1mSHOW KEYS FROM `projects`[0m
  [4;36;1mSQL (0.1ms)[0m   [0;1mSET NAMES 'utf8'[0m
  [4;35;1mSQL (0.1ms)[0m   [0mSET SQL_AUTO_IS_NULL=0[0m


Processing ActivitiesController#index to json (for 127.0.0.1 at 2010-03-22 19:27:29) [GET]
  [4;36;1mActivity Load (0.3ms)[0m   [0;1mSELECT * FROM `activities` [0m
  [4;35;1mActivity Columns (1.5ms)[0m   [0mSHOW FIELDS FROM `activities`[0m
Completed in 142ms (View: 132, DB: 2) | 200 OK [http://localhost/activities.json]
  [4;36;1mSQL (0.1ms)[0m   [0;1mSET NAMES 'utf8'[0m
  [4;35;1mSQL (0.1ms)[0m   [0mSET SQL_AUTO_IS_NULL=0[0m


Processing ActivitiesController#index to xml (for 127.0.0.1 at 2010-03-22 19:27:48) [GET]
  [4;36;1mActivity Load (0.4ms)[0m   [0;1mSELECT * FROM `activities` [0m
  [4;35;1mActivity Columns (1.9ms)[0m   [0mSHOW FIELDS FROM `activities`[0m
Completed in 12ms (View: 5, DB: 3) | 200 OK [http://localhost/activities.xml]
  [4;36;1mSQL (0.1ms)[0m   [0;1mSET NAMES 'utf8'[0m
  [4;35;1mSQL (0.1ms)[0m   [0mSET SQL_AUTO_IS_NULL=0[0m


Processing ActivitiesController#index to xml (for 127.0.0.1 at 2010-03-22 19:29:29) [GET]
  [4;36;1mActivity Load (0.4ms)[0m   [0;1mSELECT * FROM `activities` [0m
  [4;35;1mActivity Columns (1.9ms)[0m   [0mSHOW FIELDS FROM `activities`[0m
Completed in 11ms (View: 4, DB: 3) | 200 OK [http://localhost/activities.xml]
  [4;36;1mSQL (0.1ms)[0m   [0;1mSET NAMES 'utf8'[0m
  [4;35;1mSQL (0.1ms)[0m   [0mSET SQL_AUTO_IS_NULL=0[0m


Processing ActivitiesController#index to xml (for 127.0.0.1 at 2010-03-22 19:29:31) [GET]
  [4;36;1mActivity Load (0.3ms)[0m   [0;1mSELECT * FROM `activities` [0m
  [4;35;1mActivity Columns (1.8ms)[0m   [0mSHOW FIELDS FROM `activities`[0m
Completed in 11ms (View: 5, DB: 2) | 200 OK [http://localhost/activities.xml]
  [4;36;1mSQL (0.1ms)[0m   [0;1mSET NAMES 'utf8'[0m
  [4;35;1mSQL (0.1ms)[0m   [0mSET SQL_AUTO_IS_NULL=0[0m


Processing ActivitiesController#index to xml (for 127.0.0.1 at 2010-03-22 19:29:32) [GET]
  [4;36;1mActivity Load (0.4ms)[0m   [0;1mSELECT * FROM `activities` [0m
  [4;35;1mActivity Columns (1.9ms)[0m   [0mSHOW FIELDS FROM `activities`[0m
Completed in 10ms (View: 4, DB: 2) | 200 OK [http://localhost/activities.xml]
  [4;36;1mSQL (0.1ms)[0m   [0;1mSET NAMES 'utf8'[0m
  [4;35;1mSQL (0.1ms)[0m   [0mSET SQL_AUTO_IS_NULL=0[0m


Processing ActivitiesController#index to json (for 127.0.0.1 at 2010-03-22 19:29:37) [GET]
  [4;36;1mActivity Load (0.3ms)[0m   [0;1mSELECT * FROM `activities` [0m
  [4;35;1mActivity Columns (1.9ms)[0m   [0mSHOW FIELDS FROM `activities`[0m
Completed in 10ms (View: 4, DB: 3) | 200 OK [http://localhost/activities.json]
  [4;36;1mSQL (0.1ms)[0m   [0;1mSET NAMES 'utf8'[0m
  [4;35;1mSQL (0.2ms)[0m   [0mSET SQL_AUTO_IS_NULL=0[0m


Processing ActivitiesController#index to js (for 127.0.0.1 at 2010-03-22 19:30:06) [GET]
  [4;36;1mActivity Load (0.4ms)[0m   [0;1mSELECT * FROM `activities` [0m
Completed in 5ms (View: 1, DB: 1) | 406 Not Acceptable [http://localhost/activities.js]
  [4;35;1mSQL (0.1ms)[0m   [0mSET NAMES 'utf8'[0m
  [4;36;1mSQL (0.1ms)[0m   [0;1mSET SQL_AUTO_IS_NULL=0[0m


Processing ActivitiesController#index to yaml (for 127.0.0.1 at 2010-03-22 19:30:43) [GET]
  [4;35;1mActivity Load (0.3ms)[0m   [0mSELECT * FROM `activities` [0m
Completed in 5ms (View: 1, DB: 1) | 406 Not Acceptable [http://localhost/activities.yaml]
  [4;36;1mSQL (0.1ms)[0m   [0;1mSET NAMES 'utf8'[0m
  [4;35;1mSQL (0.1ms)[0m   [0mSET SQL_AUTO_IS_NULL=0[0m


Processing ActivitiesController#index to csv (for 127.0.0.1 at 2010-03-22 19:31:34) [GET]
  [4;36;1mActivity Load (0.5ms)[0m   [0;1mSELECT * FROM `activities` [0m
Completed in 6ms (View: 1, DB: 1) | 406 Not Acceptable [http://localhost/activities.csv]
  [4;36;1mSQL (0.2ms)[0m   [0;1mSET NAMES 'utf8'[0m
  [4;35;1mSQL (0.1ms)[0m   [0mSET SQL_AUTO_IS_NULL=0[0m


Processing ActivitiesController#index to bin (for 127.0.0.1 at 2010-03-22 19:47:33) [GET]
  [4;36;1mActivity Load (0.5ms)[0m   [0;1mSELECT * FROM `activities` [0m

NameError (uninitialized constant Mime::BIN):
  app/controllers/activities_controller.rb:7:in `index'
  app/controllers/activities_controller.rb:6:in `index'

Rendered rescues/_trace (125.3ms)
Rendered rescues/_request_and_response (1.3ms)
Rendering rescues/layout (internal_server_error)
  [4;35;1mSQL (0.1ms)[0m   [0mSET NAMES 'utf8'[0m
  [4;36;1mSQL (0.1ms)[0m   [0;1mSET SQL_AUTO_IS_NULL=0[0m


Processing ActivitiesController#index to bin (for 127.0.0.1 at 2010-03-22 19:47:46) [GET]
  [4;35;1mActivity Load (0.4ms)[0m   [0mSELECT * FROM `activities` [0m
Completed in 11ms (View: 2, DB: 1) | 406 Not Acceptable [http://localhost/activities.bin]
  [4;36;1mSQL (0.1ms)[0m   [0;1mSET NAMES 'utf8'[0m
  [4;35;1mSQL (0.1ms)[0m   [0mSET SQL_AUTO_IS_NULL=0[0m


Processing ActivitiesController#index to bin (for 127.0.0.1 at 2010-03-22 19:47:55) [GET]
  [4;36;1mActivity Load (0.4ms)[0m   [0;1mSELECT * FROM `activities` [0m
Completed in 5ms (View: 1, DB: 1) | 406 Not Acceptable [http://localhost/activities.bin]
  [4;35;1mSQL (0.1ms)[0m   [0mSET NAMES 'utf8'[0m
  [4;36;1mSQL (0.1ms)[0m   [0;1mSET SQL_AUTO_IS_NULL=0[0m


Processing ActivitiesController#index to bin (for 127.0.0.1 at 2010-03-22 19:47:56) [GET]
  [4;35;1mActivity Load (0.3ms)[0m   [0mSELECT * FROM `activities` [0m
Completed in 6ms (View: 1, DB: 1) | 406 Not Acceptable [http://localhost/activities.bin]
  [4;36;1mSQL (0.1ms)[0m   [0;1mSET NAMES 'utf8'[0m
  [4;35;1mSQL (0.4ms)[0m   [0mSET SQL_AUTO_IS_NULL=0[0m


Processing ActivitiesController#index to bin (for 127.0.0.1 at 2010-03-22 19:47:57) [GET]
  [4;36;1mActivity Load (0.4ms)[0m   [0;1mSELECT * FROM `activities` [0m
Completed in 5ms (View: 1, DB: 1) | 406 Not Acceptable [http://localhost/activities.bin]
  [4;35;1mSQL (0.1ms)[0m   [0mSET NAMES 'utf8'[0m
  [4;36;1mSQL (0.1ms)[0m   [0;1mSET SQL_AUTO_IS_NULL=0[0m


Processing ActivitiesController#index to bin (for 127.0.0.1 at 2010-03-22 19:47:57) [GET]
  [4;35;1mActivity Load (0.3ms)[0m   [0mSELECT * FROM `activities` [0m
Completed in 5ms (View: 1, DB: 1) | 406 Not Acceptable [http://localhost/activities.bin]
  [4;36;1mSQL (0.1ms)[0m   [0;1mSET NAMES 'utf8'[0m
  [4;35;1mSQL (0.1ms)[0m   [0mSET SQL_AUTO_IS_NULL=0[0m


Processing ActivitiesController#index to text (for 127.0.0.1 at 2010-03-22 19:48:00) [GET]
  [4;36;1mActivity Load (0.3ms)[0m   [0;1mSELECT * FROM `activities` [0m
  [4;35;1mActivity Columns (1.9ms)[0m   [0mSHOW FIELDS FROM `activities`[0m

NoMethodError (undefined method `to_msgpack' for #<Activity:0x104264eb8>):
  app/controllers/activities_controller.rb:7:in `to_msgpack'
  app/controllers/activities_controller.rb:7:in `index'
  app/controllers/activities_controller.rb:6:in `index'

Rendered rescues/_trace (104.6ms)
Rendered rescues/_request_and_response (0.3ms)
Rendering rescues/layout (internal_server_error)
  [4;36;1mSQL (0.1ms)[0m   [0;1mSET NAMES 'utf8'[0m
  [4;35;1mSQL (0.1ms)[0m   [0mSET SQL_AUTO_IS_NULL=0[0m


Processing ActivitiesController#index to text (for 127.0.0.1 at 2010-03-22 19:48:15) [GET]
  [4;36;1mActivity Load (0.5ms)[0m   [0;1mSELECT * FROM `activities` [0m
  [4;35;1mActivity Columns (6.1ms)[0m   [0mSHOW FIELDS FROM `activities`[0m

NoMethodError (undefined method `to_msgpack' for #<Activity:0x104424280>):
  app/controllers/activities_controller.rb:7:in `to_msgpack'
  app/controllers/activities_controller.rb:7:in `index'
  app/controllers/activities_controller.rb:6:in `index'

Rendered rescues/_trace (43.2ms)
Rendered rescues/_request_and_response (0.4ms)
Rendering rescues/layout (internal_server_error)
  [4;36;1mSQL (0.1ms)[0m   [0;1mSET NAMES 'utf8'[0m
  [4;35;1mSQL (0.1ms)[0m   [0mSET SQL_AUTO_IS_NULL=0[0m


Processing ActivitiesController#index to text (for 127.0.0.1 at 2010-03-22 19:48:16) [GET]
  [4;36;1mActivity Load (0.3ms)[0m   [0;1mSELECT * FROM `activities` [0m
  [4;35;1mActivity Columns (1.7ms)[0m   [0mSHOW FIELDS FROM `activities`[0m

NoMethodError (undefined method `to_msgpack' for #<Activity:0x104270d30>):
  app/controllers/activities_controller.rb:7:in `to_msgpack'
  app/controllers/activities_controller.rb:7:in `index'
  app/controllers/activities_controller.rb:6:in `index'

Rendered rescues/_trace (110.7ms)
Rendered rescues/_request_and_response (0.3ms)
Rendering rescues/layout (internal_server_error)
/!\ FAILSAFE /!\  Tue Mar 23 15:34:54 -0400 2010
  Status: 500 Internal Server Error
  Can't connect to local MySQL server through socket '/tmp/mysql.sock' (2)
    /Library/Ruby/Gems/1.8/gems/activerecord-2.3.5/lib/active_record/connection_adapters/mysql_adapter.rb:589:in `real_connect'
    /Library/Ruby/Gems/1.8/gems/activerecord-2.3.5/lib/active_record/connection_adapters/mysql_adapter.rb:589:in `connect'
    /Library/Ruby/Gems/1.8/gems/activerecord-2.3.5/lib/active_record/connection_adapters/mysql_adapter.rb:203:in `initialize'
    /Library/Ruby/Gems/1.8/gems/activerecord-2.3.5/lib/active_record/connection_adapters/mysql_adapter.rb:75:in `new'
    /Library/Ruby/Gems/1.8/gems/activerecord-2.3.5/lib/active_record/connection_adapters/mysql_adapter.rb:75:in `mysql_connection'
    /Library/Ruby/Gems/1.8/gems/activerecord-2.3.5/lib/active_record/connection_adapters/abstract/connection_pool.rb:223:in `send'
    /Library/Ruby/Gems/1.8/gems/activerecord-2.3.5/lib/active_record/connection_adapters/abstract/connection_pool.rb:223:in `new_connection'
    /Library/Ruby/Gems/1.8/gems/activerecord-2.3.5/lib/active_record/connection_adapters/abstract/connection_pool.rb:245:in `checkout_new_connection'
    /Library/Ruby/Gems/1.8/gems/activerecord-2.3.5/lib/active_record/connection_adapters/abstract/connection_pool.rb:188:in `checkout'
    /Library/Ruby/Gems/1.8/gems/activerecord-2.3.5/lib/active_record/connection_adapters/abstract/connection_pool.rb:184:in `loop'
    /Library/Ruby/Gems/1.8/gems/activerecord-2.3.5/lib/active_record/connection_adapters/abstract/connection_pool.rb:184:in `checkout'
    /System/Library/Frameworks/Ruby.framework/Versions/1.8/usr/lib/ruby/1.8/monitor.rb:242:in `synchronize'
    /Library/Ruby/Gems/1.8/gems/activerecord-2.3.5/lib/active_record/connection_adapters/abstract/connection_pool.rb:183:in `checkout'
    /Library/Ruby/Gems/1.8/gems/activerecord-2.3.5/lib/active_record/connection_adapters/abstract/connection_pool.rb:98:in `connection'
    /Library/Ruby/Gems/1.8/gems/activerecord-2.3.5/lib/active_record/connection_adapters/abstract/connection_pool.rb:326:in `retrieve_connection'
    /Library/Ruby/Gems/1.8/gems/activerecord-2.3.5/lib/active_record/connection_adapters/abstract/connection_specification.rb:123:in `retrieve_connection'
    /Library/Ruby/Gems/1.8/gems/activerecord-2.3.5/lib/active_record/connection_adapters/abstract/connection_specification.rb:115:in `connection'
    /Library/Ruby/Gems/1.8/gems/activerecord-2.3.5/lib/active_record/query_cache.rb:9:in `cache'
    /Library/Ruby/Gems/1.8/gems/activerecord-2.3.5/lib/active_record/query_cache.rb:28:in `call'
    /Library/Ruby/Gems/1.8/gems/activerecord-2.3.5/lib/active_record/connection_adapters/abstract/connection_pool.rb:361:in `call'
    /Library/Ruby/Gems/1.8/gems/actionpack-2.3.5/lib/action_controller/string_coercion.rb:25:in `call'
    /Library/Ruby/Gems/1.8/gems/rack-1.0.1/lib/rack/head.rb:9:in `call'
    /Library/Ruby/Gems/1.8/gems/rack-1.0.1/lib/rack/methodoverride.rb:24:in `call'
    /Library/Ruby/Gems/1.8/gems/actionpack-2.3.5/lib/action_controller/params_parser.rb:15:in `call'
    /Library/Ruby/Gems/1.8/gems/actionpack-2.3.5/lib/action_controller/session/cookie_store.rb:93:in `call'
    /Library/Ruby/Gems/1.8/gems/actionpack-2.3.5/lib/action_controller/failsafe.rb:26:in `call'
    /Library/Ruby/Gems/1.8/gems/rack-1.0.1/lib/rack/lock.rb:11:in `call'
    /Library/Ruby/Gems/1.8/gems/rack-1.0.1/lib/rack/lock.rb:11:in `synchronize'
    /Library/Ruby/Gems/1.8/gems/rack-1.0.1/lib/rack/lock.rb:11:in `call'
    /Library/Ruby/Gems/1.8/gems/actionpack-2.3.5/lib/action_controller/dispatcher.rb:114:in `call'
    /Library/Ruby/Gems/1.8/gems/actionpack-2.3.5/lib/action_controller/reloader.rb:34:in `run'
    /Library/Ruby/Gems/1.8/gems/actionpack-2.3.5/lib/action_controller/dispatcher.rb:108:in `call'
    /Library/Ruby/Gems/1.8/gems/rails-2.3.5/lib/rails/rack/static.rb:31:in `call'
    /Library/Ruby/Gems/1.8/gems/rack-1.0.1/lib/rack/urlmap.rb:46:in `call'
    /Library/Ruby/Gems/1.8/gems/rack-1.0.1/lib/rack/urlmap.rb:40:in `each'
    /Library/Ruby/Gems/1.8/gems/rack-1.0.1/lib/rack/urlmap.rb:40:in `call'
    /Library/Ruby/Gems/1.8/gems/rails-2.3.5/lib/rails/rack/log_tailer.rb:17:in `call'
    /Library/Ruby/Gems/1.8/gems/rack-1.0.1/lib/rack/content_length.rb:13:in `call'
    /Library/Ruby/Gems/1.8/gems/rack-1.0.1/lib/rack/chunked.rb:15:in `call'
    /Library/Ruby/Gems/1.8/gems/rack-1.0.1/lib/rack/handler/mongrel.rb:64:in `process'
    /System/Library/Frameworks/Ruby.framework/Versions/1.8/usr/lib/ruby/gems/1.8/gems/mongrel-1.1.5/lib/mongrel.rb:159:in `process_client'
    /System/Library/Frameworks/Ruby.framework/Versions/1.8/usr/lib/ruby/gems/1.8/gems/mongrel-1.1.5/lib/mongrel.rb:158:in `each'
    /System/Library/Frameworks/Ruby.framework/Versions/1.8/usr/lib/ruby/gems/1.8/gems/mongrel-1.1.5/lib/mongrel.rb:158:in `process_client'
    /System/Library/Frameworks/Ruby.framework/Versions/1.8/usr/lib/ruby/gems/1.8/gems/mongrel-1.1.5/lib/mongrel.rb:285:in `run'
    /System/Library/Frameworks/Ruby.framework/Versions/1.8/usr/lib/ruby/gems/1.8/gems/mongrel-1.1.5/lib/mongrel.rb:285:in `initialize'
    /System/Library/Frameworks/Ruby.framework/Versions/1.8/usr/lib/ruby/gems/1.8/gems/mongrel-1.1.5/lib/mongrel.rb:285:in `new'
    /System/Library/Frameworks/Ruby.framework/Versions/1.8/usr/lib/ruby/gems/1.8/gems/mongrel-1.1.5/lib/mongrel.rb:285:in `run'
    /System/Library/Frameworks/Ruby.framework/Versions/1.8/usr/lib/ruby/gems/1.8/gems/mongrel-1.1.5/lib/mongrel.rb:268:in `initialize'
    /System/Library/Frameworks/Ruby.framework/Versions/1.8/usr/lib/ruby/gems/1.8/gems/mongrel-1.1.5/lib/mongrel.rb:268:in `new'
    /System/Library/Frameworks/Ruby.framework/Versions/1.8/usr/lib/ruby/gems/1.8/gems/mongrel-1.1.5/lib/mongrel.rb:268:in `run'
    /Library/Ruby/Gems/1.8/gems/rack-1.0.1/lib/rack/handler/mongrel.rb:34:in `run'
    /Library/Ruby/Gems/1.8/gems/rails-2.3.5/lib/commands/server.rb:111
    /Library/Ruby/Site/1.8/rubygems/custom_require.rb:31:in `gem_original_require'
    /Library/Ruby/Site/1.8/rubygems/custom_require.rb:31:in `require'
    ./script/server:3
  [4;36;1mSQL (0.6ms)[0m   [0;1mSET NAMES 'utf8'[0m
  [4;35;1mSQL (0.5ms)[0m   [0mSET SQL_AUTO_IS_NULL=0[0m


Processing ActivitiesController#index (for 127.0.0.1 at 2010-03-23 15:36:04) [GET]
  [4;36;1mActivity Load (38.4ms)[0m   [0;1mSELECT * FROM `activities` [0m
  [4;35;1mActivity Columns (1.9ms)[0m   [0mSHOW FIELDS FROM `activities`[0m

NoMethodError (undefined method `to_msgpack' for #<Activity:0x101632de0>):
  app/controllers/activities_controller.rb:7:in `to_msgpack'
  app/controllers/activities_controller.rb:7:in `index'
  app/controllers/activities_controller.rb:6:in `index'

Rendered rescues/_trace (101.0ms)
Rendered rescues/_request_and_response (1.2ms)
Rendering rescues/layout (internal_server_error)
  [4;36;1mSQL (0.1ms)[0m   [0;1mSET NAMES 'utf8'[0m
  [4;35;1mSQL (0.1ms)[0m   [0mSET SQL_AUTO_IS_NULL=0[0m


Processing ActivitiesController#index (for 127.0.0.1 at 2010-03-23 15:36:33) [GET]
  [4;36;1mActivity Load (0.3ms)[0m   [0;1mSELECT * FROM `activities` [0m
  [4;35;1mActivity Columns (2.0ms)[0m   [0mSHOW FIELDS FROM `activities`[0m
Completed in 218ms (View: 1, DB: 3) | 200 OK [http://localhost/activities]
  [4;36;1mSQL (0.1ms)[0m   [0;1mSET NAMES 'utf8'[0m
  [4;35;1mSQL (0.1ms)[0m   [0mSET SQL_AUTO_IS_NULL=0[0m
  [4;36;1mSQL (14.8ms)[0m   [0;1mSHOW TABLES[0m
  [4;35;1mSQL (0.2ms)[0m   [0mSELECT version FROM schema_migrations[0m
  [4;36;1mSQL (0.1ms)[0m   [0;1mSET NAMES 'utf8'[0m
  [4;35;1mSQL (0.1ms)[0m   [0mSET SQL_AUTO_IS_NULL=0[0m
  [4;36;1mSQL (0.3ms)[0m   [0;1mSHOW TABLES[0m
  [4;35;1mSQL (340.2ms)[0m   [0mCREATE TABLE `schema_migrations` (`version` varchar(255) NOT NULL) ENGINE=InnoDB[0m
  [4;36;1mSQL (219.4ms)[0m   [0;1mCREATE UNIQUE INDEX `unique_schema_migrations` ON `schema_migrations` (`version`)[0m
  [4;35;1mSQL (0.7ms)[0m   [0mSHOW TABLES[0m
  [4;36;1mSQL (0.4ms)[0m   [0;1mSELECT version FROM schema_migrations[0m
Migrating to CreateUsers (20100322210329)
  [4;35;1mSQL (118.6ms)[0m   [0mCREATE TABLE `users` (`id` int(11) DEFAULT NULL auto_increment PRIMARY KEY, `username` varchar(255), `created_at` datetime, `updated_at` datetime) ENGINE=InnoDB[0m
  [4;36;1mSQL (0.7ms)[0m   [0;1mINSERT INTO schema_migrations (version) VALUES ('20100322210329')[0m
Migrating to CreateProjects (20100322224727)
  [4;35;1mSQL (108.0ms)[0m   [0mCREATE TABLE `projects` (`id` int(11) DEFAULT NULL auto_increment PRIMARY KEY, `name` varchar(255), `created_at` datetime, `updated_at` datetime) ENGINE=InnoDB[0m
  [4;36;1mSQL (0.8ms)[0m   [0;1mINSERT INTO schema_migrations (version) VALUES ('20100322224727')[0m
Migrating to CreateActivities (20100322224734)
  [4;35;1mSQL (95.0ms)[0m   [0mCREATE TABLE `activities` (`id` int(11) DEFAULT NULL auto_increment PRIMARY KEY, `name` varchar(255), `estimate` int(11), `completed` tinyint(1) DEFAULT 0, `organizational` tinyint(1) DEFAULT 0, `unplanned` tinyint(1) DEFAULT 0, `project_id` int(11), `user_id` int(11), `created_at` datetime, `updated_at` datetime) ENGINE=InnoDB[0m
  [4;36;1mSQL (0.9ms)[0m   [0;1mINSERT INTO schema_migrations (version) VALUES ('20100322224734')[0m
Migrating to CreatePomodoris (20100322225423)
  [4;35;1mSQL (106.6ms)[0m   [0mCREATE TABLE `pomodoris` (`id` int(11) DEFAULT NULL auto_increment PRIMARY KEY, `start_date` datetime, `end_date` datetime, `external_interruptions` int(11) DEFAULT 0, `internal_interruptions` int(11) DEFAULT 0, `canceled` tinyint(1) DEFAULT 0, `activity_id` int(11)) ENGINE=InnoDB[0m
  [4;36;1mSQL (0.8ms)[0m   [0;1mINSERT INTO schema_migrations (version) VALUES ('20100322225423')[0m
  [4;35;1mSQL (0.6ms)[0m   [0mSHOW TABLES[0m
  [4;36;1mSQL (0.2ms)[0m   [0;1mSELECT version FROM schema_migrations[0m
  [4;35;1mSQL (0.3ms)[0m   [0mSHOW TABLES[0m
  [4;36;1mSQL (1.6ms)[0m   [0;1mSHOW FIELDS FROM `activities`[0m
  [4;35;1mSQL (1.9ms)[0m   [0mdescribe `activities`[0m
  [4;36;1mSQL (0.6ms)[0m   [0;1mSHOW KEYS FROM `activities`[0m
  [4;35;1mSQL (1.2ms)[0m   [0mSHOW FIELDS FROM `pomodoris`[0m
  [4;36;1mSQL (1.8ms)[0m   [0;1mdescribe `pomodoris`[0m
  [4;35;1mSQL (0.7ms)[0m   [0mSHOW KEYS FROM `pomodoris`[0m
  [4;36;1mSQL (1.2ms)[0m   [0;1mSHOW FIELDS FROM `projects`[0m
  [4;35;1mSQL (1.6ms)[0m   [0mdescribe `projects`[0m
  [4;36;1mSQL (0.7ms)[0m   [0;1mSHOW KEYS FROM `projects`[0m
  [4;35;1mSQL (1.2ms)[0m   [0mSHOW FIELDS FROM `users`[0m
  [4;36;1mSQL (1.8ms)[0m   [0;1mdescribe `users`[0m
  [4;35;1mSQL (0.7ms)[0m   [0mSHOW KEYS FROM `users`[0m
  [4;36;1mSQL (0.1ms)[0m   [0;1mSET NAMES 'utf8'[0m
  [4;35;1mSQL (0.1ms)[0m   [0mSET SQL_AUTO_IS_NULL=0[0m
  [4;36;1mSQL (0.4ms)[0m   [0;1mSHOW TABLES[0m
  [4;35;1mSQL (0.2ms)[0m   [0mSELECT version FROM schema_migrations[0m
  [4;36;1mSQL (0.1ms)[0m   [0;1mSET NAMES 'utf8'[0m
  [4;35;1mSQL (0.1ms)[0m   [0mSET SQL_AUTO_IS_NULL=0[0m
  [4;36;1mSQL (6.3ms)[0m   [0;1mDROP DATABASE IF EXISTS `ketchup_test`[0m
  [4;35;1mSQL (0.3ms)[0m   [0mCREATE DATABASE `ketchup_test` DEFAULT CHARACTER SET `utf8`[0m
  [4;36;1mSQL (0.2ms)[0m   [0;1mSET NAMES 'utf8'[0m
  [4;35;1mSQL (0.1ms)[0m   [0mSET SQL_AUTO_IS_NULL=0[0m
  [4;36;1mSQL (0.4ms)[0m   [0;1mSHOW TABLES[0m
  [4;35;1mSQL (73.1ms)[0m   [0mCREATE TABLE `activities` (`id` int(11) DEFAULT NULL auto_increment PRIMARY KEY, `name` varchar(255), `estimate` int(11), `completed` tinyint(1) DEFAULT 0, `organizational` tinyint(1) DEFAULT 0, `unplanned` tinyint(1) DEFAULT 0, `project_id` int(11), `user_id` int(11), `created_at` datetime, `updated_at` datetime) ENGINE=InnoDB[0m
  [4;36;1mSQL (0.5ms)[0m   [0;1mSHOW TABLES[0m
  [4;35;1mSQL (129.0ms)[0m   [0mCREATE TABLE `pomodoris` (`id` int(11) DEFAULT NULL auto_increment PRIMARY KEY, `start_date` datetime, `end_date` datetime, `external_interruptions` int(11) DEFAULT 0, `internal_interruptions` int(11) DEFAULT 0, `canceled` tinyint(1) DEFAULT 0, `activity_id` int(11)) ENGINE=InnoDB[0m
  [4;36;1mSQL (0.6ms)[0m   [0;1mSHOW TABLES[0m
  [4;35;1mSQL (110.9ms)[0m   [0mCREATE TABLE `projects` (`id` int(11) DEFAULT NULL auto_increment PRIMARY KEY, `name` varchar(255), `created_at` datetime, `updated_at` datetime) ENGINE=InnoDB[0m
  [4;36;1mSQL (0.5ms)[0m   [0;1mSHOW TABLES[0m
  [4;35;1mSQL (99.2ms)[0m   [0mCREATE TABLE `users` (`id` int(11) DEFAULT NULL auto_increment PRIMARY KEY, `username` varchar(255), `created_at` datetime, `updated_at` datetime) ENGINE=InnoDB[0m
  [4;36;1mSQL (0.6ms)[0m   [0;1mSHOW TABLES[0m
  [4;35;1mSQL (100.9ms)[0m   [0mCREATE TABLE `schema_migrations` (`version` varchar(255) NOT NULL) ENGINE=InnoDB[0m
  [4;36;1mSQL (125.3ms)[0m   [0;1mCREATE UNIQUE INDEX `unique_schema_migrations` ON `schema_migrations` (`version`)[0m
  [4;35;1mSQL (0.6ms)[0m   [0mSHOW TABLES[0m
  [4;36;1mSQL (0.4ms)[0m   [0;1mSELECT version FROM `schema_migrations`[0m
  [4;35;1mSQL (0.7ms)[0m   [0mINSERT INTO `schema_migrations` (version) VALUES ('20100322225423')[0m
  [4;36;1mSQL (0.6ms)[0m   [0;1mINSERT INTO `schema_migrations` (version) VALUES ('20100322210329')[0m
  [4;35;1mSQL (0.6ms)[0m   [0mINSERT INTO `schema_migrations` (version) VALUES ('20100322224727')[0m
  [4;36;1mSQL (0.6ms)[0m   [0;1mINSERT INTO `schema_migrations` (version) VALUES ('20100322224734')[0m
  [4;36;1mSQL (0.1ms)[0m   [0;1mSET NAMES 'utf8'[0m
  [4;35;1mSQL (0.1ms)[0m   [0mSET SQL_AUTO_IS_NULL=0[0m
  [4;36;1mSQL (0.4ms)[0m   [0;1mSHOW TABLES[0m
  [4;35;1mSQL (0.2ms)[0m   [0mSELECT version FROM schema_migrations[0m
  [4;36;1mSQL (0.1ms)[0m   [0;1mSET NAMES 'utf8'[0m
  [4;35;1mSQL (0.1ms)[0m   [0mSET SQL_AUTO_IS_NULL=0[0m
  [4;36;1mSQL (5.6ms)[0m   [0;1mDROP DATABASE IF EXISTS `ketchup_test`[0m
  [4;35;1mSQL (0.3ms)[0m   [0mCREATE DATABASE `ketchup_test` DEFAULT CHARACTER SET `utf8`[0m
  [4;36;1mSQL (0.1ms)[0m   [0;1mSET NAMES 'utf8'[0m
  [4;35;1mSQL (0.1ms)[0m   [0mSET SQL_AUTO_IS_NULL=0[0m
  [4;36;1mSQL (0.3ms)[0m   [0;1mSHOW TABLES[0m
  [4;35;1mSQL (57.1ms)[0m   [0mCREATE TABLE `activities` (`id` int(11) DEFAULT NULL auto_increment PRIMARY KEY, `name` varchar(255), `estimate` int(11), `completed` tinyint(1) DEFAULT 0, `organizational` tinyint(1) DEFAULT 0, `unplanned` tinyint(1) DEFAULT 0, `project_id` int(11), `user_id` int(11), `created_at` datetime, `updated_at` datetime) ENGINE=InnoDB[0m
  [4;36;1mSQL (0.5ms)[0m   [0;1mSHOW TABLES[0m
  [4;35;1mSQL (198.6ms)[0m   [0mCREATE TABLE `pomodoris` (`id` int(11) DEFAULT NULL auto_increment PRIMARY KEY, `start_date` datetime, `end_date` datetime, `external_interruptions` int(11) DEFAULT 0, `internal_interruptions` int(11) DEFAULT 0, `canceled` tinyint(1) DEFAULT 0, `activity_id` int(11)) ENGINE=InnoDB[0m
  [4;36;1mSQL (0.5ms)[0m   [0;1mSHOW TABLES[0m
  [4;35;1mSQL (99.1ms)[0m   [0mCREATE TABLE `projects` (`id` int(11) DEFAULT NULL auto_increment PRIMARY KEY, `name` varchar(255), `created_at` datetime, `updated_at` datetime) ENGINE=InnoDB[0m
  [4;36;1mSQL (0.5ms)[0m   [0;1mSHOW TABLES[0m
  [4;35;1mSQL (99.3ms)[0m   [0mCREATE TABLE `users` (`id` int(11) DEFAULT NULL auto_increment PRIMARY KEY, `username` varchar(255), `created_at` datetime, `updated_at` datetime) ENGINE=InnoDB[0m
  [4;36;1mSQL (0.6ms)[0m   [0;1mSHOW TABLES[0m
  [4;35;1mSQL (99.6ms)[0m   [0mCREATE TABLE `schema_migrations` (`version` varchar(255) NOT NULL) ENGINE=InnoDB[0m
  [4;36;1mSQL (125.1ms)[0m   [0;1mCREATE UNIQUE INDEX `unique_schema_migrations` ON `schema_migrations` (`version`)[0m
  [4;35;1mSQL (0.4ms)[0m   [0mSHOW TABLES[0m
  [4;36;1mSQL (0.2ms)[0m   [0;1mSELECT version FROM `schema_migrations`[0m
  [4;35;1mSQL (0.7ms)[0m   [0mINSERT INTO `schema_migrations` (version) VALUES ('20100322225423')[0m
  [4;36;1mSQL (0.6ms)[0m   [0;1mINSERT INTO `schema_migrations` (version) VALUES ('20100322210329')[0m
  [4;35;1mSQL (0.6ms)[0m   [0mINSERT INTO `schema_migrations` (version) VALUES ('20100322224727')[0m
  [4;36;1mSQL (0.6ms)[0m   [0;1mINSERT INTO `schema_migrations` (version) VALUES ('20100322224734')[0m
